<?xml version="1.0" encoding="UTF-8"?>
<!-- Generated by org.testng.reporters.JUnitXMLReporter -->
<testsuite hostname="Nikita-PC" ignored="0" name="TestCasesForTalants" tests="3" failures="3" timestamp="30 Nov 2017 22:57:24 GMT" time="6.718" errors="0">
  <testcase name="User_cannot_copy_paste_nonnumerical_characters_in_any_fields_designed_as_a_numerical_field" time="1.373" classname="testNG.TestCasesForTalants">
    <failure type="java.lang.NullPointerException">
      <![CDATA[java.lang.NullPointerException
	at testNG.TestCasesForTalants.User_cannot_copy_paste_nonnumerical_characters_in_any_fields_designed_as_a_numerical_field(TestCasesForTalants.java:44)
... Removed 25 stack frames]]>
    </failure>
  </testcase> <!-- User_cannot_copy_paste_nonnumerical_characters_in_any_fields_designed_as_a_numerical_field -->
  <testcase name="Verify_that_the_talents_traits_are_related_to_the_selected_category_name" time="2.65" classname="testNG.TestCasesForTalants">
    <failure type="java.lang.NullPointerException">
      <![CDATA[java.lang.NullPointerException
	at testNG.TestCasesForTalants.Verify_that_the_talents_traits_are_related_to_the_selected_category_name(TestCasesForTalants.java:104)
... Removed 25 stack frames]]>
    </failure>
  </testcase> <!-- Verify_that_the_talents_traits_are_related_to_the_selected_category_name -->
  <testcase name="Verify_the_user_is_able_to_search_the_talent_in_the_search_field_on_the_main_page" time="2.657" classname="testNG.TestCasesForTalants">
    <failure type="java.lang.AssertionError" message="expected [kjhgfd  jhgfd] but found [kjhgfd jhgfd]">
      <![CDATA[java.lang.AssertionError: expected [kjhgfd  jhgfd] but found [kjhgfd jhgfd]
	at testNG.TestCasesForTalants.Verify_the_user_is_able_to_search_the_talent_in_the_search_field_on_the_main_page(TestCasesForTalants.java:125)
... Removed 31 stack frames]]>
    </failure>
  </testcase> <!-- Verify_the_user_is_able_to_search_the_talent_in_the_search_field_on_the_main_page -->
</testsuite> <!-- TestCasesForTalants -->
