<?xml version="1.0" encoding="UTF-8"?>
<testng-results skipped="0" failed="2" ignored="0" total="12" passed="10">
  <reporter-output>
  </reporter-output>
  <suite name="Suite" duration-ms="29721" started-at="2018-06-02T00:59:10Z" finished-at="2018-06-02T00:59:40Z">
    <groups>
    </groups>
    <test name="Test" duration-ms="29721" started-at="2018-06-02T00:59:10Z" finished-at="2018-06-02T00:59:40Z">
      <class name="testNG.TestCasesForLogin">
        <test-method status="PASS" signature="beforeSuite()[pri:0, instance:testNG.TestCasesForLogin@6e6c3152]" name="beforeSuite" is-config="true" duration-ms="3859" started-at="2018-06-01T17:59:10Z" finished-at="2018-06-01T17:59:14Z">
          <reporter-output>
          </reporter-output>
        </test-method> <!-- beforeSuite -->
        <test-method status="FAIL" signature="Verify_user_can_Login_in_with_valid_Email_and_Password_combination(java.lang.String, java.lang.String)[pri:0, instance:testNG.TestCasesForLogin@6e6c3152]" name="Verify_user_can_Login_in_with_valid_Email_and_Password_combination" duration-ms="3855" started-at="2018-06-01T17:59:14Z" finished-at="2018-06-01T17:59:18Z">
          <params>
            <param index="0">
              <value>
                <![CDATA[dovgichnik@gmail.com]]>
              </value>
            </param>
            <param index="1">
              <value>
                <![CDATA[123456789]]>
              </value>
            </param>
          </params>
          <exception class="org.openqa.selenium.WebDriverException">
            <message>
              <![CDATA[unknown error: Element <button class="btn btn-block btn-primary mt-lg" id="login">...</button> is not clickable at point (517, 381). Other element would receive the click: <div class="cover active" ng-class="{'active': $ctrl.isActive}">...</div>  (Session info: chrome=67.0.3396.62)  (Driver info: chromedriver=2.38.552522 (437e6fbedfa8762dec75e2c5b3ddb86763dc9dcb),platform=Windows NT 6.1.7601 SP1 x86_64) (WARNING: The server did not provide any stacktrace information)Command duration or timeout: 0 millisecondsBuild info: version: '3.5.3', revision: 'a88d25fe6b', time: '2017-08-29T12:42:44.417Z'System info: host: 'NIKITA-PC', ip: '172.31.98.120', os.name: 'Windows 7', os.arch: 'amd64', os.version: '6.1', java.version: '1.8.0_171'Driver info: org.openqa.selenium.chrome.ChromeDriverCapabilities [{mobileEmulationEnabled=false, hasTouchScreen=false, platform=XP, acceptSslCerts=false, acceptInsecureCerts=false, webStorageEnabled=true, browserName=chrome, takesScreenshot=true, javascriptEnabled=true, platformName=XP, setWindowRect=true, unexpectedAlertBehaviour=, applicationCacheEnabled=false, rotatable=false, networkConnectionEnabled=false, chrome={chromedriverVersion=2.38.552522 (437e6fbedfa8762dec75e2c5b3ddb86763dc9dcb), userDataDir=d:\temp\scoped_dir744_16037}, takesHeapSnapshot=true, pageLoadStrategy=normal, unhandledPromptBehavior=, databaseEnabled=false, handlesAlerts=true, version=67.0.3396.62, browserConnectionEnabled=false, nativeEvents=true, locationContextEnabled=true, cssSelectorsEnabled=true}]Session ID: 394b7eedde4e3f985a7514e10b97b3db]]>
            </message>
            <full-stacktrace>
              <![CDATA[org.openqa.selenium.WebDriverException: unknown error: Element <button class="btn btn-block btn-primary mt-lg" id="login">...</button> is not clickable at point (517, 381). Other element would receive the click: <div class="cover active" ng-class="{'active': $ctrl.isActive}">...</div>  (Session info: chrome=67.0.3396.62)  (Driver info: chromedriver=2.38.552522 (437e6fbedfa8762dec75e2c5b3ddb86763dc9dcb),platform=Windows NT 6.1.7601 SP1 x86_64) (WARNING: The server did not provide any stacktrace information)Command duration or timeout: 0 millisecondsBuild info: version: '3.5.3', revision: 'a88d25fe6b', time: '2017-08-29T12:42:44.417Z'System info: host: 'NIKITA-PC', ip: '172.31.98.120', os.name: 'Windows 7', os.arch: 'amd64', os.version: '6.1', java.version: '1.8.0_171'Driver info: org.openqa.selenium.chrome.ChromeDriverCapabilities [{mobileEmulationEnabled=false, hasTouchScreen=false, platform=XP, acceptSslCerts=false, acceptInsecureCerts=false, webStorageEnabled=true, browserName=chrome, takesScreenshot=true, javascriptEnabled=true, platformName=XP, setWindowRect=true, unexpectedAlertBehaviour=, applicationCacheEnabled=false, rotatable=false, networkConnectionEnabled=false, chrome={chromedriverVersion=2.38.552522 (437e6fbedfa8762dec75e2c5b3ddb86763dc9dcb), userDataDir=d:\temp\scoped_dir744_16037}, takesHeapSnapshot=true, pageLoadStrategy=normal, unhandledPromptBehavior=, databaseEnabled=false, handlesAlerts=true, version=67.0.3396.62, browserConnectionEnabled=false, nativeEvents=true, locationContextEnabled=true, cssSelectorsEnabled=true}]Session ID: 394b7eedde4e3f985a7514e10b97b3dbat sun.reflect.NativeConstructorAccessorImpl.newInstance0(Native Method)at sun.reflect.NativeConstructorAccessorImpl.newInstance(Unknown Source)at sun.reflect.DelegatingConstructorAccessorImpl.newInstance(Unknown Source)at java.lang.reflect.Constructor.newInstance(Unknown Source)at org.openqa.selenium.remote.ErrorHandler.createThrowable(ErrorHandler.java:215)at org.openqa.selenium.remote.ErrorHandler.throwIfResponseFailed(ErrorHandler.java:167)at org.openqa.selenium.remote.http.JsonHttpResponseCodec.reconstructValue(JsonHttpResponseCodec.java:40)at org.openqa.selenium.remote.http.AbstractHttpResponseCodec.decode(AbstractHttpResponseCodec.java:82)at org.openqa.selenium.remote.http.AbstractHttpResponseCodec.decode(AbstractHttpResponseCodec.java:45)at org.openqa.selenium.remote.HttpCommandExecutor.execute(HttpCommandExecutor.java:164)at org.openqa.selenium.remote.service.DriverCommandExecutor.execute(DriverCommandExecutor.java:82)at org.openqa.selenium.remote.RemoteWebDriver.execute(RemoteWebDriver.java:646)at org.openqa.selenium.remote.RemoteWebElement.execute(RemoteWebElement.java:275)at org.openqa.selenium.remote.RemoteWebElement.click(RemoteWebElement.java:82)at sun.reflect.NativeMethodAccessorImpl.invoke0(Native Method)at sun.reflect.NativeMethodAccessorImpl.invoke(Unknown Source)at sun.reflect.DelegatingMethodAccessorImpl.invoke(Unknown Source)at java.lang.reflect.Method.invoke(Unknown Source)at org.openqa.selenium.support.pagefactory.internal.LocatingElementHandler.invoke(LocatingElementHandler.java:51)at com.sun.proxy.$Proxy8.click(Unknown Source)at pageObjects.LoginPage.clickLogin(LoginPage.java:81)at testNG.TestCasesForLogin.Verify_user_can_Login_in_with_valid_Email_and_Password_combination(TestCasesForLogin.java:28)at sun.reflect.NativeMethodAccessorImpl.invoke0(Native Method)at sun.reflect.NativeMethodAccessorImpl.invoke(Unknown Source)at sun.reflect.DelegatingMethodAccessorImpl.invoke(Unknown Source)at java.lang.reflect.Method.invoke(Unknown Source)at org.testng.internal.MethodInvocationHelper.invokeMethod(MethodInvocationHelper.java:124)at org.testng.internal.Invoker.invokeMethod(Invoker.java:571)at org.testng.internal.Invoker.invokeTestMethod(Invoker.java:707)at org.testng.internal.Invoker.invokeTestMethods(Invoker.java:979)at org.testng.internal.TestMethodWorker.invokeTestMethods(TestMethodWorker.java:125)at org.testng.internal.TestMethodWorker.run(TestMethodWorker.java:109)at org.testng.TestRunner.privateRun(TestRunner.java:648)at org.testng.TestRunner.run(TestRunner.java:505)at org.testng.SuiteRunner.runTest(SuiteRunner.java:455)at org.testng.SuiteRunner.runSequentially(SuiteRunner.java:450)at org.testng.SuiteRunner.privateRun(SuiteRunner.java:415)at org.testng.SuiteRunner.run(SuiteRunner.java:364)at org.testng.SuiteRunnerWorker.runSuite(SuiteRunnerWorker.java:52)at org.testng.SuiteRunnerWorker.run(SuiteRunnerWorker.java:84)at org.testng.TestNG.runSuitesSequentially(TestNG.java:1187)at org.testng.TestNG.runSuitesLocally(TestNG.java:1116)at org.testng.TestNG.runSuites(TestNG.java:1028)at org.testng.TestNG.run(TestNG.java:996)at org.apache.maven.surefire.testng.TestNGExecutor.run(TestNGExecutor.java:283)at org.apache.maven.surefire.testng.TestNGXmlTestSuite.execute(TestNGXmlTestSuite.java:75)at org.apache.maven.surefire.testng.TestNGProvider.invoke(TestNGProvider.java:120)at org.apache.maven.surefire.booter.ForkedBooter.invokeProviderInSameClassLoader(ForkedBooter.java:373)at org.apache.maven.surefire.booter.ForkedBooter.runSuitesInProcess(ForkedBooter.java:334)at org.apache.maven.surefire.booter.ForkedBooter.execute(ForkedBooter.java:119)at org.apache.maven.surefire.booter.ForkedBooter.main(ForkedBooter.java:407)]]>
            </full-stacktrace>
          </exception> <!-- org.openqa.selenium.WebDriverException -->
          <reporter-output>
          </reporter-output>
        </test-method> <!-- Verify_user_can_Login_in_with_valid_Email_and_Password_combination -->
        <test-method status="PASS" signature="Verify_user_cannot_login_with_blank_Email_field(java.lang.String)[pri:1, instance:testNG.TestCasesForLogin@6e6c3152]" name="Verify_user_cannot_login_with_blank_Email_field" duration-ms="825" started-at="2018-06-01T17:59:18Z" finished-at="2018-06-01T17:59:19Z">
          <params>
            <param index="0">
              <value>
                <![CDATA[123456789]]>
              </value>
            </param>
          </params>
          <reporter-output>
          </reporter-output>
        </test-method> <!-- Verify_user_cannot_login_with_blank_Email_field -->
        <test-method status="PASS" signature="Verify_user_cannot_login_with_blank_Password_field(java.lang.String)[pri:2, instance:testNG.TestCasesForLogin@6e6c3152]" name="Verify_user_cannot_login_with_blank_Password_field" duration-ms="866" started-at="2018-06-01T17:59:19Z" finished-at="2018-06-01T17:59:20Z">
          <params>
            <param index="0">
              <value>
                <![CDATA[dovgichnik@gmail.com]]>
              </value>
            </param>
          </params>
          <reporter-output>
          </reporter-output>
        </test-method> <!-- Verify_user_cannot_login_with_blank_Password_field -->
        <test-method status="PASS" signature="Verify_Forgot_your_password_will_redirect_user_to_How_to_reset_password_page()[pri:3, instance:testNG.TestCasesForLogin@6e6c3152]" name="Verify_Forgot_your_password_will_redirect_user_to_How_to_reset_password_page" duration-ms="718" started-at="2018-06-01T17:59:20Z" finished-at="2018-06-01T17:59:20Z">
          <reporter-output>
          </reporter-output>
        </test-method> <!-- Verify_Forgot_your_password_will_redirect_user_to_How_to_reset_password_page -->
        <test-method status="FAIL" signature="Verify_that_user_receives_email_to_reset_password_after_entering_valid_email_address_in_Password_Reset_screen(java.lang.String, java.lang.String)[pri:4, instance:testNG.TestCasesForLogin@6e6c3152]" name="Verify_that_user_receives_email_to_reset_password_after_entering_valid_email_address_in_Password_Reset_screen" duration-ms="7527" started-at="2018-06-01T17:59:20Z" finished-at="2018-06-01T17:59:28Z">
          <params>
            <param index="0">
              <value>
                <![CDATA[dovgichnik@gmail.com]]>
              </value>
            </param>
            <param index="1">
              <value>
                <![CDATA[ADA TT010895-7116]]>
              </value>
            </param>
          </params>
          <exception class="org.openqa.selenium.StaleElementReferenceException">
            <message>
              <![CDATA[stale element reference: element is not attached to the page document  (Session info: chrome=67.0.3396.62)  (Driver info: chromedriver=2.38.552522 (437e6fbedfa8762dec75e2c5b3ddb86763dc9dcb),platform=Windows NT 6.1.7601 SP1 x86_64) (WARNING: The server did not provide any stacktrace information)Command duration or timeout: 0 millisecondsFor documentation on this error, please visit: http://seleniumhq.org/exceptions/stale_element_reference.htmlBuild info: version: '3.5.3', revision: 'a88d25fe6b', time: '2017-08-29T12:42:44.417Z'System info: host: 'NIKITA-PC', ip: '172.31.98.120', os.name: 'Windows 7', os.arch: 'amd64', os.version: '6.1', java.version: '1.8.0_171'Driver info: org.openqa.selenium.chrome.ChromeDriverCapabilities [{mobileEmulationEnabled=false, hasTouchScreen=false, platform=XP, acceptSslCerts=false, acceptInsecureCerts=false, webStorageEnabled=true, browserName=chrome, takesScreenshot=true, javascriptEnabled=true, platformName=XP, setWindowRect=true, unexpectedAlertBehaviour=, applicationCacheEnabled=false, rotatable=false, networkConnectionEnabled=false, chrome={chromedriverVersion=2.38.552522 (437e6fbedfa8762dec75e2c5b3ddb86763dc9dcb), userDataDir=d:\temp\scoped_dir744_16037}, takesHeapSnapshot=true, pageLoadStrategy=normal, unhandledPromptBehavior=, databaseEnabled=false, handlesAlerts=true, version=67.0.3396.62, browserConnectionEnabled=false, nativeEvents=true, locationContextEnabled=true, cssSelectorsEnabled=true}]Session ID: 394b7eedde4e3f985a7514e10b97b3db]]>
            </message>
            <full-stacktrace>
              <![CDATA[org.openqa.selenium.StaleElementReferenceException: stale element reference: element is not attached to the page document  (Session info: chrome=67.0.3396.62)  (Driver info: chromedriver=2.38.552522 (437e6fbedfa8762dec75e2c5b3ddb86763dc9dcb),platform=Windows NT 6.1.7601 SP1 x86_64) (WARNING: The server did not provide any stacktrace information)Command duration or timeout: 0 millisecondsFor documentation on this error, please visit: http://seleniumhq.org/exceptions/stale_element_reference.htmlBuild info: version: '3.5.3', revision: 'a88d25fe6b', time: '2017-08-29T12:42:44.417Z'System info: host: 'NIKITA-PC', ip: '172.31.98.120', os.name: 'Windows 7', os.arch: 'amd64', os.version: '6.1', java.version: '1.8.0_171'Driver info: org.openqa.selenium.chrome.ChromeDriverCapabilities [{mobileEmulationEnabled=false, hasTouchScreen=false, platform=XP, acceptSslCerts=false, acceptInsecureCerts=false, webStorageEnabled=true, browserName=chrome, takesScreenshot=true, javascriptEnabled=true, platformName=XP, setWindowRect=true, unexpectedAlertBehaviour=, applicationCacheEnabled=false, rotatable=false, networkConnectionEnabled=false, chrome={chromedriverVersion=2.38.552522 (437e6fbedfa8762dec75e2c5b3ddb86763dc9dcb), userDataDir=d:\temp\scoped_dir744_16037}, takesHeapSnapshot=true, pageLoadStrategy=normal, unhandledPromptBehavior=, databaseEnabled=false, handlesAlerts=true, version=67.0.3396.62, browserConnectionEnabled=false, nativeEvents=true, locationContextEnabled=true, cssSelectorsEnabled=true}]Session ID: 394b7eedde4e3f985a7514e10b97b3dbat sun.reflect.NativeConstructorAccessorImpl.newInstance0(Native Method)at sun.reflect.NativeConstructorAccessorImpl.newInstance(Unknown Source)at sun.reflect.DelegatingConstructorAccessorImpl.newInstance(Unknown Source)at java.lang.reflect.Constructor.newInstance(Unknown Source)at org.openqa.selenium.remote.ErrorHandler.createThrowable(ErrorHandler.java:215)at org.openqa.selenium.remote.ErrorHandler.throwIfResponseFailed(ErrorHandler.java:167)at org.openqa.selenium.remote.http.JsonHttpResponseCodec.reconstructValue(JsonHttpResponseCodec.java:40)at org.openqa.selenium.remote.http.AbstractHttpResponseCodec.decode(AbstractHttpResponseCodec.java:82)at org.openqa.selenium.remote.http.AbstractHttpResponseCodec.decode(AbstractHttpResponseCodec.java:45)at org.openqa.selenium.remote.HttpCommandExecutor.execute(HttpCommandExecutor.java:164)at org.openqa.selenium.remote.service.DriverCommandExecutor.execute(DriverCommandExecutor.java:82)at org.openqa.selenium.remote.RemoteWebDriver.execute(RemoteWebDriver.java:646)at org.openqa.selenium.remote.RemoteWebElement.execute(RemoteWebElement.java:275)at org.openqa.selenium.remote.RemoteWebElement.sendKeys(RemoteWebElement.java:99)at sun.reflect.NativeMethodAccessorImpl.invoke0(Native Method)at sun.reflect.NativeMethodAccessorImpl.invoke(Unknown Source)at sun.reflect.DelegatingMethodAccessorImpl.invoke(Unknown Source)at java.lang.reflect.Method.invoke(Unknown Source)at org.openqa.selenium.support.pagefactory.internal.LocatingElementHandler.invoke(LocatingElementHandler.java:51)at com.sun.proxy.$Proxy8.sendKeys(Unknown Source)at pageObjects.LoginPage.inputGooglePassword(LoginPage.java:78)at testNG.TestCasesForLogin.Verify_that_user_receives_email_to_reset_password_after_entering_valid_email_address_in_Password_Reset_screen(TestCasesForLogin.java:74)at sun.reflect.NativeMethodAccessorImpl.invoke0(Native Method)at sun.reflect.NativeMethodAccessorImpl.invoke(Unknown Source)at sun.reflect.DelegatingMethodAccessorImpl.invoke(Unknown Source)at java.lang.reflect.Method.invoke(Unknown Source)at org.testng.internal.MethodInvocationHelper.invokeMethod(MethodInvocationHelper.java:124)at org.testng.internal.Invoker.invokeMethod(Invoker.java:571)at org.testng.internal.Invoker.invokeTestMethod(Invoker.java:707)at org.testng.internal.Invoker.invokeTestMethods(Invoker.java:979)at org.testng.internal.TestMethodWorker.invokeTestMethods(TestMethodWorker.java:125)at org.testng.internal.TestMethodWorker.run(TestMethodWorker.java:109)at org.testng.TestRunner.privateRun(TestRunner.java:648)at org.testng.TestRunner.run(TestRunner.java:505)at org.testng.SuiteRunner.runTest(SuiteRunner.java:455)at org.testng.SuiteRunner.runSequentially(SuiteRunner.java:450)at org.testng.SuiteRunner.privateRun(SuiteRunner.java:415)at org.testng.SuiteRunner.run(SuiteRunner.java:364)at org.testng.SuiteRunnerWorker.runSuite(SuiteRunnerWorker.java:52)at org.testng.SuiteRunnerWorker.run(SuiteRunnerWorker.java:84)at org.testng.TestNG.runSuitesSequentially(TestNG.java:1187)at org.testng.TestNG.runSuitesLocally(TestNG.java:1116)at org.testng.TestNG.runSuites(TestNG.java:1028)at org.testng.TestNG.run(TestNG.java:996)at org.apache.maven.surefire.testng.TestNGExecutor.run(TestNGExecutor.java:283)at org.apache.maven.surefire.testng.TestNGXmlTestSuite.execute(TestNGXmlTestSuite.java:75)at org.apache.maven.surefire.testng.TestNGProvider.invoke(TestNGProvider.java:120)at org.apache.maven.surefire.booter.ForkedBooter.invokeProviderInSameClassLoader(ForkedBooter.java:373)at org.apache.maven.surefire.booter.ForkedBooter.runSuitesInProcess(ForkedBooter.java:334)at org.apache.maven.surefire.booter.ForkedBooter.execute(ForkedBooter.java:119)at org.apache.maven.surefire.booter.ForkedBooter.main(ForkedBooter.java:407)]]>
            </full-stacktrace>
          </exception> <!-- org.openqa.selenium.StaleElementReferenceException -->
          <reporter-output>
          </reporter-output>
        </test-method> <!-- Verify_that_user_receives_email_to_reset_password_after_entering_valid_email_address_in_Password_Reset_screen -->
        <test-method status="PASS" signature="Verify_that_the_Forgot_Password_field_does_not_accept_invalid_email(java.lang.String)[pri:5, instance:testNG.TestCasesForLogin@6e6c3152]" name="Verify_that_the_Forgot_Password_field_does_not_accept_invalid_email" duration-ms="6375" started-at="2018-06-01T17:59:28Z" finished-at="2018-06-01T17:59:34Z">
          <params>
            <param index="0">
              <value>
                <![CDATA[dovgichnik@gmail.com]]>
              </value>
            </param>
          </params>
          <reporter-output>
          </reporter-output>
        </test-method> <!-- Verify_that_the_Forgot_Password_field_does_not_accept_invalid_email -->
        <test-method status="PASS" signature="Verify_that_user_can_copy_and_paste_email_field_info(java.lang.String)[pri:6, instance:testNG.TestCasesForLogin@6e6c3152]" name="Verify_that_user_can_copy_and_paste_email_field_info" duration-ms="724" started-at="2018-06-01T17:59:34Z" finished-at="2018-06-01T17:59:35Z">
          <params>
            <param index="0">
              <value>
                <![CDATA[dovgichnik@gmail.com]]>
              </value>
            </param>
          </params>
          <reporter-output>
          </reporter-output>
        </test-method> <!-- Verify_that_user_can_copy_and_paste_email_field_info -->
        <test-method status="PASS" signature="Verify_user_cannot_copypaste_values_from_Password_and_Retype_password_fields(java.lang.String)[pri:7, instance:testNG.TestCasesForLogin@6e6c3152]" name="Verify_user_cannot_copypaste_values_from_Password_and_Retype_password_fields" duration-ms="581" started-at="2018-06-01T17:59:35Z" finished-at="2018-06-01T17:59:36Z">
          <params>
            <param index="0">
              <value>
                <![CDATA[123456789]]>
              </value>
            </param>
          </params>
          <reporter-output>
          </reporter-output>
        </test-method> <!-- Verify_user_cannot_copypaste_values_from_Password_and_Retype_password_fields -->
        <test-method status="PASS" signature="Verify_Password_field_masks_users_input_with_bullets(java.lang.String)[pri:8, instance:testNG.TestCasesForLogin@6e6c3152]" name="Verify_Password_field_masks_users_input_with_bullets" duration-ms="557" started-at="2018-06-01T17:59:36Z" finished-at="2018-06-01T17:59:36Z">
          <params>
            <param index="0">
              <value>
                <![CDATA[123456789]]>
              </value>
            </param>
          </params>
          <reporter-output>
          </reporter-output>
        </test-method> <!-- Verify_Password_field_masks_users_input_with_bullets -->
        <test-method status="PASS" signature="Verify_user_cannot_login_with_an_invalid_password(java.lang.String, java.lang.String)[pri:9, instance:testNG.TestCasesForLogin@6e6c3152]" name="Verify_user_cannot_login_with_an_invalid_password" duration-ms="1092" started-at="2018-06-01T17:59:36Z" finished-at="2018-06-01T17:59:37Z">
          <params>
            <param index="0">
              <value>
                <![CDATA[dovgichnik@gmail.com]]>
              </value>
            </param>
            <param index="1">
              <value>
                <![CDATA[12345678]]>
              </value>
            </param>
          </params>
          <reporter-output>
          </reporter-output>
        </test-method> <!-- Verify_user_cannot_login_with_an_invalid_password -->
        <test-method status="PASS" signature="Verify_Register_Now_in_login_page_will_redirect_user_to_the_registration_page()[pri:10, instance:testNG.TestCasesForLogin@6e6c3152]" name="Verify_Register_Now_in_login_page_will_redirect_user_to_the_registration_page" duration-ms="875" started-at="2018-06-01T17:59:37Z" finished-at="2018-06-01T17:59:38Z">
          <reporter-output>
          </reporter-output>
        </test-method> <!-- Verify_Register_Now_in_login_page_will_redirect_user_to_the_registration_page -->
        <test-method status="PASS" signature="Verify_user_cannot_login_with_an_invalid_email_address(java.lang.String, java.lang.String)[pri:10, instance:testNG.TestCasesForLogin@6e6c3152]" name="Verify_user_cannot_login_with_an_invalid_email_address" duration-ms="1065" started-at="2018-06-01T17:59:38Z" finished-at="2018-06-01T17:59:39Z">
          <params>
            <param index="0">
              <value>
                <![CDATA[dovgichnik1@gmail.com]]>
              </value>
            </param>
            <param index="1">
              <value>
                <![CDATA[123456789]]>
              </value>
            </param>
          </params>
          <reporter-output>
          </reporter-output>
        </test-method> <!-- Verify_user_cannot_login_with_an_invalid_email_address -->
        <test-method status="PASS" signature="closeBrowser()[pri:0, instance:testNG.TestCasesForLogin@6e6c3152]" name="closeBrowser" is-config="true" duration-ms="739" started-at="2018-06-01T17:59:39Z" finished-at="2018-06-01T17:59:40Z">
          <reporter-output>
          </reporter-output>
        </test-method> <!-- closeBrowser -->
      </class> <!-- testNG.TestCasesForLogin -->
    </test> <!-- Test -->
  </suite> <!-- Suite -->
</testng-results>
