<?xml version="1.0" encoding="UTF-8"?>
<testng-results skipped="0" failed="2" ignored="0" total="12" passed="10">
  <reporter-output>
  </reporter-output>
  <suite name="Suite" duration-ms="17774" started-at="2018-06-01T01:24:05Z" finished-at="2018-06-01T01:24:23Z">
    <groups>
    </groups>
    <test name="Test" duration-ms="17774" started-at="2018-06-01T01:24:05Z" finished-at="2018-06-01T01:24:23Z">
      <class name="testNG.TestCasesForLogin">
        <test-method status="PASS" signature="beforeSuite()[pri:0, instance:testNG.TestCasesForLogin@3aeaafa6]" name="beforeSuite" is-config="true" duration-ms="3761" started-at="2018-05-31T18:24:05Z" finished-at="2018-05-31T18:24:09Z">
          <reporter-output>
          </reporter-output>
        </test-method> <!-- beforeSuite -->
        <test-method status="PASS" signature="Verify_user_can_Login_in_with_valid_Email_and_Password_combination(java.lang.String, java.lang.String)[pri:0, instance:testNG.TestCasesForLogin@3aeaafa6]" name="Verify_user_can_Login_in_with_valid_Email_and_Password_combination" duration-ms="3498" started-at="2018-05-31T18:24:09Z" finished-at="2018-05-31T18:24:13Z">
          <params>
            <param index="0">
              <value>
                <![CDATA[dovgichnik@gmail.com]]>
              </value>
            </param>
            <param index="1">
              <value>
                <![CDATA[123456789]]>
              </value>
            </param>
          </params>
          <reporter-output>
          </reporter-output>
        </test-method> <!-- Verify_user_can_Login_in_with_valid_Email_and_Password_combination -->
        <test-method status="PASS" signature="Verify_user_cannot_login_with_blank_Email_field(java.lang.String)[pri:1, instance:testNG.TestCasesForLogin@3aeaafa6]" name="Verify_user_cannot_login_with_blank_Email_field" duration-ms="952" started-at="2018-05-31T18:24:13Z" finished-at="2018-05-31T18:24:14Z">
          <params>
            <param index="0">
              <value>
                <![CDATA[123456789]]>
              </value>
            </param>
          </params>
          <reporter-output>
          </reporter-output>
        </test-method> <!-- Verify_user_cannot_login_with_blank_Email_field -->
        <test-method status="PASS" signature="Verify_user_cannot_login_with_blank_Password_field(java.lang.String)[pri:2, instance:testNG.TestCasesForLogin@3aeaafa6]" name="Verify_user_cannot_login_with_blank_Password_field" duration-ms="837" started-at="2018-05-31T18:24:14Z" finished-at="2018-05-31T18:24:14Z">
          <params>
            <param index="0">
              <value>
                <![CDATA[dovgichnik@gmail.com]]>
              </value>
            </param>
          </params>
          <reporter-output>
          </reporter-output>
        </test-method> <!-- Verify_user_cannot_login_with_blank_Password_field -->
        <test-method status="PASS" signature="Verify_Forgot_your_password_will_redirect_user_to_How_to_reset_password_page()[pri:3, instance:testNG.TestCasesForLogin@3aeaafa6]" name="Verify_Forgot_your_password_will_redirect_user_to_How_to_reset_password_page" duration-ms="932" started-at="2018-05-31T18:24:14Z" finished-at="2018-05-31T18:24:15Z">
          <reporter-output>
          </reporter-output>
        </test-method> <!-- Verify_Forgot_your_password_will_redirect_user_to_How_to_reset_password_page -->
        <test-method status="FAIL" signature="Verify_that_user_receives_email_to_reset_password_after_entering_valid_email_address_in_Password_Reset_screen(java.lang.String, java.lang.String)[pri:4, instance:testNG.TestCasesForLogin@3aeaafa6]" name="Verify_that_user_receives_email_to_reset_password_after_entering_valid_email_address_in_Password_Reset_screen" duration-ms="697" started-at="2018-05-31T18:24:15Z" finished-at="2018-05-31T18:24:16Z">
          <params>
            <param index="0">
              <value>
                <![CDATA[dovgichnik@gmail.com]]>
              </value>
            </param>
            <param index="1">
              <value>
                <![CDATA[ADA TT010895-7116]]>
              </value>
            </param>
          </params>
          <exception class="org.openqa.selenium.WebDriverException">
            <message>
              <![CDATA[unknown error: Element <a class="text-muted" ui-sref="auth.passReset({email: SignInCtrl.data.email})" href="/password-reset.html">...</a> is not clickable at point (595, 339). Other element would receive the click: <div class="content">...</div>  (Session info: chrome=67.0.3396.62)  (Driver info: chromedriver=2.38.552522 (437e6fbedfa8762dec75e2c5b3ddb86763dc9dcb),platform=Windows NT 6.1.7601 SP1 x86_64) (WARNING: The server did not provide any stacktrace information)Command duration or timeout: 0 millisecondsBuild info: version: '3.5.3', revision: 'a88d25fe6b', time: '2017-08-29T12:42:44.417Z'System info: host: 'NIKITA-PC', ip: '172.31.98.120', os.name: 'Windows 7', os.arch: 'amd64', os.version: '6.1', java.version: '1.8.0_171'Driver info: org.openqa.selenium.chrome.ChromeDriverCapabilities [{mobileEmulationEnabled=false, hasTouchScreen=false, platform=XP, acceptSslCerts=false, acceptInsecureCerts=false, webStorageEnabled=true, browserName=chrome, takesScreenshot=true, javascriptEnabled=true, platformName=XP, setWindowRect=true, unexpectedAlertBehaviour=, applicationCacheEnabled=false, rotatable=false, networkConnectionEnabled=false, chrome={chromedriverVersion=2.38.552522 (437e6fbedfa8762dec75e2c5b3ddb86763dc9dcb), userDataDir=C:\Users\ADMINI~1\AppData\Local\Temp\scoped_dir5916_24225}, takesHeapSnapshot=true, pageLoadStrategy=normal, unhandledPromptBehavior=, databaseEnabled=false, handlesAlerts=true, version=67.0.3396.62, browserConnectionEnabled=false, nativeEvents=true, locationContextEnabled=true, cssSelectorsEnabled=true}]Session ID: 395dfc3dc7bef61f43a84f9448f1caac]]>
            </message>
            <full-stacktrace>
              <![CDATA[org.openqa.selenium.WebDriverException: unknown error: Element <a class="text-muted" ui-sref="auth.passReset({email: SignInCtrl.data.email})" href="/password-reset.html">...</a> is not clickable at point (595, 339). Other element would receive the click: <div class="content">...</div>  (Session info: chrome=67.0.3396.62)  (Driver info: chromedriver=2.38.552522 (437e6fbedfa8762dec75e2c5b3ddb86763dc9dcb),platform=Windows NT 6.1.7601 SP1 x86_64) (WARNING: The server did not provide any stacktrace information)Command duration or timeout: 0 millisecondsBuild info: version: '3.5.3', revision: 'a88d25fe6b', time: '2017-08-29T12:42:44.417Z'System info: host: 'NIKITA-PC', ip: '172.31.98.120', os.name: 'Windows 7', os.arch: 'amd64', os.version: '6.1', java.version: '1.8.0_171'Driver info: org.openqa.selenium.chrome.ChromeDriverCapabilities [{mobileEmulationEnabled=false, hasTouchScreen=false, platform=XP, acceptSslCerts=false, acceptInsecureCerts=false, webStorageEnabled=true, browserName=chrome, takesScreenshot=true, javascriptEnabled=true, platformName=XP, setWindowRect=true, unexpectedAlertBehaviour=, applicationCacheEnabled=false, rotatable=false, networkConnectionEnabled=false, chrome={chromedriverVersion=2.38.552522 (437e6fbedfa8762dec75e2c5b3ddb86763dc9dcb), userDataDir=C:\Users\ADMINI~1\AppData\Local\Temp\scoped_dir5916_24225}, takesHeapSnapshot=true, pageLoadStrategy=normal, unhandledPromptBehavior=, databaseEnabled=false, handlesAlerts=true, version=67.0.3396.62, browserConnectionEnabled=false, nativeEvents=true, locationContextEnabled=true, cssSelectorsEnabled=true}]Session ID: 395dfc3dc7bef61f43a84f9448f1caacat sun.reflect.NativeConstructorAccessorImpl.newInstance0(Native Method)at sun.reflect.NativeConstructorAccessorImpl.newInstance(Unknown Source)at sun.reflect.DelegatingConstructorAccessorImpl.newInstance(Unknown Source)at java.lang.reflect.Constructor.newInstance(Unknown Source)at org.openqa.selenium.remote.ErrorHandler.createThrowable(ErrorHandler.java:215)at org.openqa.selenium.remote.ErrorHandler.throwIfResponseFailed(ErrorHandler.java:167)at org.openqa.selenium.remote.http.JsonHttpResponseCodec.reconstructValue(JsonHttpResponseCodec.java:40)at org.openqa.selenium.remote.http.AbstractHttpResponseCodec.decode(AbstractHttpResponseCodec.java:82)at org.openqa.selenium.remote.http.AbstractHttpResponseCodec.decode(AbstractHttpResponseCodec.java:45)at org.openqa.selenium.remote.HttpCommandExecutor.execute(HttpCommandExecutor.java:164)at org.openqa.selenium.remote.service.DriverCommandExecutor.execute(DriverCommandExecutor.java:82)at org.openqa.selenium.remote.RemoteWebDriver.execute(RemoteWebDriver.java:646)at org.openqa.selenium.remote.RemoteWebElement.execute(RemoteWebElement.java:275)at org.openqa.selenium.remote.RemoteWebElement.click(RemoteWebElement.java:82)at sun.reflect.NativeMethodAccessorImpl.invoke0(Native Method)at sun.reflect.NativeMethodAccessorImpl.invoke(Unknown Source)at sun.reflect.DelegatingMethodAccessorImpl.invoke(Unknown Source)at java.lang.reflect.Method.invoke(Unknown Source)at org.openqa.selenium.support.pagefactory.internal.LocatingElementHandler.invoke(LocatingElementHandler.java:51)at com.sun.proxy.$Proxy10.click(Unknown Source)at pageObjects.LoginPage.clickPasswordReset(LoginPage.java:84)at testNG.TestCasesForLogin.Verify_that_user_receives_email_to_reset_password_after_entering_valid_email_address_in_Password_Reset_screen(TestCasesForLogin.java:66)at sun.reflect.NativeMethodAccessorImpl.invoke0(Native Method)at sun.reflect.NativeMethodAccessorImpl.invoke(Unknown Source)at sun.reflect.DelegatingMethodAccessorImpl.invoke(Unknown Source)at java.lang.reflect.Method.invoke(Unknown Source)at org.testng.internal.MethodInvocationHelper.invokeMethod(MethodInvocationHelper.java:124)at org.testng.internal.Invoker.invokeMethod(Invoker.java:571)at org.testng.internal.Invoker.invokeTestMethod(Invoker.java:707)at org.testng.internal.Invoker.invokeTestMethods(Invoker.java:979)at org.testng.internal.TestMethodWorker.invokeTestMethods(TestMethodWorker.java:125)at org.testng.internal.TestMethodWorker.run(TestMethodWorker.java:109)at org.testng.TestRunner.privateRun(TestRunner.java:648)at org.testng.TestRunner.run(TestRunner.java:505)at org.testng.SuiteRunner.runTest(SuiteRunner.java:455)at org.testng.SuiteRunner.runSequentially(SuiteRunner.java:450)at org.testng.SuiteRunner.privateRun(SuiteRunner.java:415)at org.testng.SuiteRunner.run(SuiteRunner.java:364)at org.testng.SuiteRunnerWorker.runSuite(SuiteRunnerWorker.java:52)at org.testng.SuiteRunnerWorker.run(SuiteRunnerWorker.java:84)at org.testng.TestNG.runSuitesSequentially(TestNG.java:1187)at org.testng.TestNG.runSuitesLocally(TestNG.java:1116)at org.testng.TestNG.runSuites(TestNG.java:1028)at org.testng.TestNG.run(TestNG.java:996)at org.testng.remote.AbstractRemoteTestNG.run(AbstractRemoteTestNG.java:114)at org.testng.remote.RemoteTestNG.initAndRun(RemoteTestNG.java:251)at org.testng.remote.RemoteTestNG.main(RemoteTestNG.java:77)]]>
            </full-stacktrace>
          </exception> <!-- org.openqa.selenium.WebDriverException -->
          <reporter-output>
          </reporter-output>
        </test-method> <!-- Verify_that_user_receives_email_to_reset_password_after_entering_valid_email_address_in_Password_Reset_screen -->
        <test-method status="FAIL" signature="Verify_that_the_Forgot_Password_field_does_not_accept_invalid_email(java.lang.String)[pri:5, instance:testNG.TestCasesForLogin@3aeaafa6]" name="Verify_that_the_Forgot_Password_field_does_not_accept_invalid_email" duration-ms="1196" started-at="2018-05-31T18:24:16Z" finished-at="2018-05-31T18:24:17Z">
          <params>
            <param index="0">
              <value>
                <![CDATA[dovgichnik@gmail.com]]>
              </value>
            </param>
          </params>
          <exception class="org.openqa.selenium.WebDriverException">
            <message>
              <![CDATA[unknown error: Element <button class="btn btn-danger btn-block">...</button> is not clickable at point (517, 374). Other element would receive the click: <button class="btn btn-block btn-primary mt-lg" id="login">...</button>  (Session info: chrome=67.0.3396.62)  (Driver info: chromedriver=2.38.552522 (437e6fbedfa8762dec75e2c5b3ddb86763dc9dcb),platform=Windows NT 6.1.7601 SP1 x86_64) (WARNING: The server did not provide any stacktrace information)Command duration or timeout: 0 millisecondsBuild info: version: '3.5.3', revision: 'a88d25fe6b', time: '2017-08-29T12:42:44.417Z'System info: host: 'NIKITA-PC', ip: '172.31.98.120', os.name: 'Windows 7', os.arch: 'amd64', os.version: '6.1', java.version: '1.8.0_171'Driver info: org.openqa.selenium.chrome.ChromeDriverCapabilities [{mobileEmulationEnabled=false, hasTouchScreen=false, platform=XP, acceptSslCerts=false, acceptInsecureCerts=false, webStorageEnabled=true, browserName=chrome, takesScreenshot=true, javascriptEnabled=true, platformName=XP, setWindowRect=true, unexpectedAlertBehaviour=, applicationCacheEnabled=false, rotatable=false, networkConnectionEnabled=false, chrome={chromedriverVersion=2.38.552522 (437e6fbedfa8762dec75e2c5b3ddb86763dc9dcb), userDataDir=C:\Users\ADMINI~1\AppData\Local\Temp\scoped_dir5916_24225}, takesHeapSnapshot=true, pageLoadStrategy=normal, unhandledPromptBehavior=, databaseEnabled=false, handlesAlerts=true, version=67.0.3396.62, browserConnectionEnabled=false, nativeEvents=true, locationContextEnabled=true, cssSelectorsEnabled=true}]Session ID: 395dfc3dc7bef61f43a84f9448f1caac]]>
            </message>
            <full-stacktrace>
              <![CDATA[org.openqa.selenium.WebDriverException: unknown error: Element <button class="btn btn-danger btn-block">...</button> is not clickable at point (517, 374). Other element would receive the click: <button class="btn btn-block btn-primary mt-lg" id="login">...</button>  (Session info: chrome=67.0.3396.62)  (Driver info: chromedriver=2.38.552522 (437e6fbedfa8762dec75e2c5b3ddb86763dc9dcb),platform=Windows NT 6.1.7601 SP1 x86_64) (WARNING: The server did not provide any stacktrace information)Command duration or timeout: 0 millisecondsBuild info: version: '3.5.3', revision: 'a88d25fe6b', time: '2017-08-29T12:42:44.417Z'System info: host: 'NIKITA-PC', ip: '172.31.98.120', os.name: 'Windows 7', os.arch: 'amd64', os.version: '6.1', java.version: '1.8.0_171'Driver info: org.openqa.selenium.chrome.ChromeDriverCapabilities [{mobileEmulationEnabled=false, hasTouchScreen=false, platform=XP, acceptSslCerts=false, acceptInsecureCerts=false, webStorageEnabled=true, browserName=chrome, takesScreenshot=true, javascriptEnabled=true, platformName=XP, setWindowRect=true, unexpectedAlertBehaviour=, applicationCacheEnabled=false, rotatable=false, networkConnectionEnabled=false, chrome={chromedriverVersion=2.38.552522 (437e6fbedfa8762dec75e2c5b3ddb86763dc9dcb), userDataDir=C:\Users\ADMINI~1\AppData\Local\Temp\scoped_dir5916_24225}, takesHeapSnapshot=true, pageLoadStrategy=normal, unhandledPromptBehavior=, databaseEnabled=false, handlesAlerts=true, version=67.0.3396.62, browserConnectionEnabled=false, nativeEvents=true, locationContextEnabled=true, cssSelectorsEnabled=true}]Session ID: 395dfc3dc7bef61f43a84f9448f1caacat sun.reflect.NativeConstructorAccessorImpl.newInstance0(Native Method)at sun.reflect.NativeConstructorAccessorImpl.newInstance(Unknown Source)at sun.reflect.DelegatingConstructorAccessorImpl.newInstance(Unknown Source)at java.lang.reflect.Constructor.newInstance(Unknown Source)at org.openqa.selenium.remote.ErrorHandler.createThrowable(ErrorHandler.java:215)at org.openqa.selenium.remote.ErrorHandler.throwIfResponseFailed(ErrorHandler.java:167)at org.openqa.selenium.remote.http.JsonHttpResponseCodec.reconstructValue(JsonHttpResponseCodec.java:40)at org.openqa.selenium.remote.http.AbstractHttpResponseCodec.decode(AbstractHttpResponseCodec.java:82)at org.openqa.selenium.remote.http.AbstractHttpResponseCodec.decode(AbstractHttpResponseCodec.java:45)at org.openqa.selenium.remote.HttpCommandExecutor.execute(HttpCommandExecutor.java:164)at org.openqa.selenium.remote.service.DriverCommandExecutor.execute(DriverCommandExecutor.java:82)at org.openqa.selenium.remote.RemoteWebDriver.execute(RemoteWebDriver.java:646)at org.openqa.selenium.remote.RemoteWebElement.execute(RemoteWebElement.java:275)at org.openqa.selenium.remote.RemoteWebElement.click(RemoteWebElement.java:82)at sun.reflect.NativeMethodAccessorImpl.invoke0(Native Method)at sun.reflect.NativeMethodAccessorImpl.invoke(Unknown Source)at sun.reflect.DelegatingMethodAccessorImpl.invoke(Unknown Source)at java.lang.reflect.Method.invoke(Unknown Source)at org.openqa.selenium.support.pagefactory.internal.LocatingElementHandler.invoke(LocatingElementHandler.java:51)at com.sun.proxy.$Proxy10.click(Unknown Source)at pageObjects.LoginPage.clickReset(LoginPage.java:90)at testNG.TestCasesForLogin.Verify_that_the_Forgot_Password_field_does_not_accept_invalid_email(TestCasesForLogin.java:86)at sun.reflect.NativeMethodAccessorImpl.invoke0(Native Method)at sun.reflect.NativeMethodAccessorImpl.invoke(Unknown Source)at sun.reflect.DelegatingMethodAccessorImpl.invoke(Unknown Source)at java.lang.reflect.Method.invoke(Unknown Source)at org.testng.internal.MethodInvocationHelper.invokeMethod(MethodInvocationHelper.java:124)at org.testng.internal.Invoker.invokeMethod(Invoker.java:571)at org.testng.internal.Invoker.invokeTestMethod(Invoker.java:707)at org.testng.internal.Invoker.invokeTestMethods(Invoker.java:979)at org.testng.internal.TestMethodWorker.invokeTestMethods(TestMethodWorker.java:125)at org.testng.internal.TestMethodWorker.run(TestMethodWorker.java:109)at org.testng.TestRunner.privateRun(TestRunner.java:648)at org.testng.TestRunner.run(TestRunner.java:505)at org.testng.SuiteRunner.runTest(SuiteRunner.java:455)at org.testng.SuiteRunner.runSequentially(SuiteRunner.java:450)at org.testng.SuiteRunner.privateRun(SuiteRunner.java:415)at org.testng.SuiteRunner.run(SuiteRunner.java:364)at org.testng.SuiteRunnerWorker.runSuite(SuiteRunnerWorker.java:52)at org.testng.SuiteRunnerWorker.run(SuiteRunnerWorker.java:84)at org.testng.TestNG.runSuitesSequentially(TestNG.java:1187)at org.testng.TestNG.runSuitesLocally(TestNG.java:1116)at org.testng.TestNG.runSuites(TestNG.java:1028)at org.testng.TestNG.run(TestNG.java:996)at org.testng.remote.AbstractRemoteTestNG.run(AbstractRemoteTestNG.java:114)at org.testng.remote.RemoteTestNG.initAndRun(RemoteTestNG.java:251)at org.testng.remote.RemoteTestNG.main(RemoteTestNG.java:77)]]>
            </full-stacktrace>
          </exception> <!-- org.openqa.selenium.WebDriverException -->
          <reporter-output>
          </reporter-output>
        </test-method> <!-- Verify_that_the_Forgot_Password_field_does_not_accept_invalid_email -->
        <test-method status="PASS" signature="Verify_that_user_can_copy_and_paste_email_field_info(java.lang.String)[pri:6, instance:testNG.TestCasesForLogin@3aeaafa6]" name="Verify_that_user_can_copy_and_paste_email_field_info" duration-ms="713" started-at="2018-05-31T18:24:17Z" finished-at="2018-05-31T18:24:18Z">
          <params>
            <param index="0">
              <value>
                <![CDATA[dovgichnik@gmail.com]]>
              </value>
            </param>
          </params>
          <reporter-output>
          </reporter-output>
        </test-method> <!-- Verify_that_user_can_copy_and_paste_email_field_info -->
        <test-method status="PASS" signature="Verify_user_cannot_copypaste_values_from_Password_and_Retype_password_fields(java.lang.String)[pri:7, instance:testNG.TestCasesForLogin@3aeaafa6]" name="Verify_user_cannot_copypaste_values_from_Password_and_Retype_password_fields" duration-ms="600" started-at="2018-05-31T18:24:18Z" finished-at="2018-05-31T18:24:19Z">
          <params>
            <param index="0">
              <value>
                <![CDATA[123456789]]>
              </value>
            </param>
          </params>
          <reporter-output>
          </reporter-output>
        </test-method> <!-- Verify_user_cannot_copypaste_values_from_Password_and_Retype_password_fields -->
        <test-method status="PASS" signature="Verify_Password_field_masks_users_input_with_bullets(java.lang.String)[pri:8, instance:testNG.TestCasesForLogin@3aeaafa6]" name="Verify_Password_field_masks_users_input_with_bullets" duration-ms="548" started-at="2018-05-31T18:24:19Z" finished-at="2018-05-31T18:24:19Z">
          <params>
            <param index="0">
              <value>
                <![CDATA[123456789]]>
              </value>
            </param>
          </params>
          <reporter-output>
          </reporter-output>
        </test-method> <!-- Verify_Password_field_masks_users_input_with_bullets -->
        <test-method status="PASS" signature="Verify_user_cannot_login_with_an_invalid_password(java.lang.String, java.lang.String)[pri:9, instance:testNG.TestCasesForLogin@3aeaafa6]" name="Verify_user_cannot_login_with_an_invalid_password" duration-ms="1036" started-at="2018-05-31T18:24:19Z" finished-at="2018-05-31T18:24:20Z">
          <params>
            <param index="0">
              <value>
                <![CDATA[dovgichnik@gmail.com]]>
              </value>
            </param>
            <param index="1">
              <value>
                <![CDATA[12345678]]>
              </value>
            </param>
          </params>
          <reporter-output>
          </reporter-output>
        </test-method> <!-- Verify_user_cannot_login_with_an_invalid_password -->
        <test-method status="PASS" signature="Verify_Register_Now_in_login_page_will_redirect_user_to_the_registration_page()[pri:10, instance:testNG.TestCasesForLogin@3aeaafa6]" name="Verify_Register_Now_in_login_page_will_redirect_user_to_the_registration_page" duration-ms="1105" started-at="2018-05-31T18:24:20Z" finished-at="2018-05-31T18:24:21Z">
          <reporter-output>
          </reporter-output>
        </test-method> <!-- Verify_Register_Now_in_login_page_will_redirect_user_to_the_registration_page -->
        <test-method status="PASS" signature="Verify_user_cannot_login_with_an_invalid_email_address(java.lang.String, java.lang.String)[pri:10, instance:testNG.TestCasesForLogin@3aeaafa6]" name="Verify_user_cannot_login_with_an_invalid_email_address" duration-ms="1077" started-at="2018-05-31T18:24:21Z" finished-at="2018-05-31T18:24:22Z">
          <params>
            <param index="0">
              <value>
                <![CDATA[dovgichnik1@gmail.com]]>
              </value>
            </param>
            <param index="1">
              <value>
                <![CDATA[123456789]]>
              </value>
            </param>
          </params>
          <reporter-output>
          </reporter-output>
        </test-method> <!-- Verify_user_cannot_login_with_an_invalid_email_address -->
        <test-method status="PASS" signature="closeBrowser()[pri:0, instance:testNG.TestCasesForLogin@3aeaafa6]" name="closeBrowser" is-config="true" duration-ms="707" started-at="2018-05-31T18:24:22Z" finished-at="2018-05-31T18:24:23Z">
          <reporter-output>
          </reporter-output>
        </test-method> <!-- closeBrowser -->
      </class> <!-- testNG.TestCasesForLogin -->
    </test> <!-- Test -->
  </suite> <!-- Suite -->
</testng-results>
